1578035223236	geckodriver	DEBUG	Listening on 127.0.0.1:4444
1578035223245	webdriver::server	DEBUG	-> GET /status 
1578035223246	webdriver::server	DEBUG	<- 200 OK {"value":{"message":"","ready":true}}
1578035223389	webdriver::server	DEBUG	-> POST /session {"capabilities":{"browserName":"firefox","acceptInsecureCerts":true,"name":"Ecosia"},"desiredCapabilities":{"browserName":"firefox","platform":"ANY","acceptInsecureCerts":true,"name":"Ecosia"}}
1578035223398	mozrunner::runner	INFO	Running command: "/Applications/Firefox.app/Contents/MacOS/firefox-bin" "-marionette" "-foreground" "-no-remote" "-profile" "/var/folders/5_/tx4ztqc13ls9dwj6l5d4kw24nbbmlz/T/rust_mozprofilelUgrAz"
1578035223407	geckodriver::marionette	DEBUG	Waiting 60s to connect to browser on 127.0.0.1:52189
1578035223878	addons.webextension.screenshots@mozilla.org	WARN	Loading extension 'screenshots@mozilla.org': Reading manifest: Invalid extension permission: mozillaAddons
1578035223878	addons.webextension.screenshots@mozilla.org	WARN	Loading extension 'screenshots@mozilla.org': Reading manifest: Invalid extension permission: resource://pdf.js/
1578035223878	addons.webextension.screenshots@mozilla.org	WARN	Loading extension 'screenshots@mozilla.org': Reading manifest: Invalid extension permission: about:reader*
1578035224070	Marionette	DEBUG	Init aborted (running=false, enabled=true, finalUIStartup=false)
1578035225545	Marionette	DEBUG	Setting recommended pref apz.content_response_timeout to 60000
1578035225545	Marionette	DEBUG	Setting recommended pref browser.contentblocking.introCount to 99
1578035225545	Marionette	DEBUG	Setting recommended pref browser.download.panel.shown to true
1578035225546	Marionette	DEBUG	Setting recommended pref browser.newtabpage.enabled to false
1578035225546	Marionette	DEBUG	Setting recommended pref browser.pagethumbnails.capturing_disabled to true
1578035225547	Marionette	DEBUG	Setting recommended pref browser.search.update to false
1578035225547	Marionette	DEBUG	Setting recommended pref browser.tabs.disableBackgroundZombification to false
1578035225547	Marionette	DEBUG	Setting recommended pref browser.tabs.warnOnCloseOtherTabs to false
1578035225547	Marionette	DEBUG	Setting recommended pref browser.tabs.warnOnOpen to false
1578035225548	Marionette	DEBUG	Setting recommended pref browser.usedOnWindows10.introURL to 
1578035225548	Marionette	DEBUG	Setting recommended pref browser.urlbar.suggest.searches to false
1578035225548	Marionette	DEBUG	Setting recommended pref datareporting.policy.dataSubmissionPolicyAccepted to false
1578035225548	Marionette	DEBUG	Setting recommended pref dom.disable_beforeunload to true
1578035225549	Marionette	DEBUG	Setting recommended pref dom.disable_open_during_load to false
1578035225549	Marionette	DEBUG	Setting recommended pref dom.file.createInChild to true
1578035225549	Marionette	DEBUG	Setting recommended pref dom.max_chrome_script_run_time to 0
1578035225549	Marionette	DEBUG	Setting recommended pref dom.max_script_run_time to 0
1578035225550	Marionette	DEBUG	Setting recommended pref extensions.getAddons.cache.enabled to false
1578035225550	Marionette	DEBUG	Setting recommended pref extensions.webservice.discoverURL to http://%(server)s/dummy/discoveryURL
1578035225550	Marionette	DEBUG	Setting recommended pref network.http.prompt-temp-redirect to false
1578035225550	Marionette	DEBUG	Setting recommended pref network.http.speculative-parallel-limit to 0
1578035225550	Marionette	DEBUG	Setting recommended pref security.fileuri.strict_origin_policy to false
1578035225550	Marionette	DEBUG	Setting recommended pref security.notification_enable_delay to 0
1578035225550	Marionette	DEBUG	Setting recommended pref signon.autofillForms to false
1578035225550	Marionette	DEBUG	Setting recommended pref signon.rememberSignons to false
1578035225550	Marionette	DEBUG	Setting recommended pref toolkit.cosmeticAnimations.enabled to false
1578035225592	Marionette	INFO	Listening on port 52189
1578035225592	Marionette	DEBUG	Remote service is active
1578035225642	Marionette	DEBUG	Accepted connection 0 from 127.0.0.1:52215
1578035225643	geckodriver::marionette	DEBUG	Connection to Marionette established on 127.0.0.1:52189.
1578035225644	Marionette	DEBUG	0 -> [0,1,"WebDriver:NewSession",{}]
1578035225676	Marionette	DEBUG	0 <- [1,1,null,{"sessionId":"e50a6184-35ce-274c-8072-9c014624ec96","capabilities":{"browserName":"firefox","browserVersion":"67.0. ... /rust_mozprofilelUgrAz","moz:shutdownTimeout":60000,"moz:useNonSpecCompliantPointerOrigin":false,"moz:webdriverClick":true}}]
1578035225678	webdriver::server	DEBUG	<- 200 OK {"value":{"sessionId":"e50a6184-35ce-274c-8072-9c014624ec96","capabilities":{"acceptInsecureCerts":false,"browserName":"firefox","browserVersion":"67.0.4","moz:accessibilityChecks":false,"moz:buildID":"20190619235627","moz:geckodriverVersion":"0.26.0","moz:headless":false,"moz:processID":7956,"moz:profile":"/var/folders/5_/tx4ztqc13ls9dwj6l5d4kw24nbbmlz/T/rust_mozprofilelUgrAz","moz:shutdownTimeout":60000,"moz:useNonSpecCompliantPointerOrigin":false,"moz:webdriverClick":true,"pageLoadStrategy":"normal","platformName":"mac","platformVersion":"18.7.0","rotatable":false,"setWindowRect":true,"strictFileInteractability":false,"timeouts":{"implicit":0,"pageLoad":300000,"script":30000},"unhandledPromptBehavior":"dismiss and notify"}}}
1578035225686	webdriver::server	DEBUG	-> POST /session/e50a6184-35ce-274c-8072-9c014624ec96/url {"url":"http://localhost:3000/#/booknow"}
1578035225687	Marionette	DEBUG	0 -> [0,2,"WebDriver:Navigate",{"url":"http://localhost:3000/#/booknow"}]
1578035231614	Marionette	DEBUG	0 <- [1,2,null,{"value":null}]
1578035231615	webdriver::server	DEBUG	<- 200 OK {"value":null}
1578035231619	webdriver::server	DEBUG	-> POST /session/e50a6184-35ce-274c-8072-9c014624ec96/elements {"using":"css selector","value":"body"}
1578035231620	Marionette	DEBUG	0 -> [0,3,"WebDriver:FindElements",{"using":"css selector","value":"body"}]
1578035231624	Marionette	DEBUG	0 <- [1,3,null,[{"element-6066-11e4-a52e-4f735466cecf":"8b9c8857-f83d-344a-aff2-13b249b30c34"}]]
1578035231625	webdriver::server	DEBUG	<- 200 OK {"value":[{"element-6066-11e4-a52e-4f735466cecf":"8b9c8857-f83d-344a-aff2-13b249b30c34"}]}
1578035231631	webdriver::server	DEBUG	-> GET /session/e50a6184-35ce-274c-8072-9c014624ec96/element/8b9c8857-f83d-344a-aff2-13b249b30c34/displayed 
1578035231632	Marionette	DEBUG	0 -> [0,4,"WebDriver:IsElementDisplayed",{"id":"8b9c8857-f83d-344a-aff2-13b249b30c34"}]
1578035231638	Marionette	DEBUG	0 <- [1,4,null,{"value":true}]
1578035231639	webdriver::server	DEBUG	<- 200 OK {"value":true}
1578035231648	webdriver::server	DEBUG	-> GET /session/e50a6184-35ce-274c-8072-9c014624ec96/title 
1578035231649	Marionette	DEBUG	0 -> [0,5,"WebDriver:GetTitle",{}]
1578035231649	Marionette	DEBUG	0 <- [1,5,null,{"value":"Nite Life Party Cabs"}]
1578035231650	webdriver::server	DEBUG	<- 200 OK {"value":"Nite Life Party Cabs"}
1578035231658	webdriver::server	DEBUG	-> POST /session/e50a6184-35ce-274c-8072-9c014624ec96/elements {"using":"css selector","value":"input[id=name]"}
1578035231660	Marionette	DEBUG	0 -> [0,6,"WebDriver:FindElements",{"using":"css selector","value":"input[id=name]"}]
1578035231663	Marionette	DEBUG	0 <- [1,6,null,[{"element-6066-11e4-a52e-4f735466cecf":"69655e4a-07fd-e248-a06f-862e639db57e"}]]
1578035231664	webdriver::server	DEBUG	<- 200 OK {"value":[{"element-6066-11e4-a52e-4f735466cecf":"69655e4a-07fd-e248-a06f-862e639db57e"}]}
1578035231666	webdriver::server	DEBUG	-> GET /session/e50a6184-35ce-274c-8072-9c014624ec96/element/69655e4a-07fd-e248-a06f-862e639db57e/displayed 
1578035231667	Marionette	DEBUG	0 -> [0,7,"WebDriver:IsElementDisplayed",{"id":"69655e4a-07fd-e248-a06f-862e639db57e"}]
1578035231675	Marionette	DEBUG	0 <- [1,7,null,{"value":true}]
1578035231676	webdriver::server	DEBUG	<- 200 OK {"value":true}
1578035231679	webdriver::server	DEBUG	-> POST /session/e50a6184-35ce-274c-8072-9c014624ec96/elements {"using":"css selector","value":"input[id=name]"}
1578035231681	Marionette	DEBUG	0 -> [0,8,"WebDriver:FindElements",{"using":"css selector","value":"input[id=name]"}]
1578035231683	Marionette	DEBUG	0 <- [1,8,null,[{"element-6066-11e4-a52e-4f735466cecf":"69655e4a-07fd-e248-a06f-862e639db57e"}]]
1578035231684	webdriver::server	DEBUG	<- 200 OK {"value":[{"element-6066-11e4-a52e-4f735466cecf":"69655e4a-07fd-e248-a06f-862e639db57e"}]}
1578035231686	webdriver::server	DEBUG	-> POST /session/e50a6184-35ce-274c-8072-9c014624ec96/element/69655e4a-07fd-e248-a06f-862e639db57e/value {"text":"Vuyani Shabangu"}
1578035231687	Marionette	DEBUG	0 -> [0,9,"WebDriver:ElementSendKeys",{"id":"69655e4a-07fd-e248-a06f-862e639db57e","text":"Vuyani Shabangu","value":["V","u","y","a","n","i"," ","S","h","a","b","a","n","g","u"]}]
1578035232103	Marionette	DEBUG	0 <- [1,9,null,{"value":null}]
1578035232104	webdriver::server	DEBUG	<- 200 OK {"value":null}
1578035232108	webdriver::server	DEBUG	-> POST /session/e50a6184-35ce-274c-8072-9c014624ec96/elements {"using":"css selector","value":"input[id=email]"}
1578035232109	Marionette	DEBUG	0 -> [0,10,"WebDriver:FindElements",{"using":"css selector","value":"input[id=email]"}]
1578035232155	Marionette	DEBUG	0 <- [1,10,null,[{"element-6066-11e4-a52e-4f735466cecf":"bea7eadc-ebf2-c34b-ac35-e55f03f637ac"}]]
1578035232160	webdriver::server	DEBUG	<- 200 OK {"value":[{"element-6066-11e4-a52e-4f735466cecf":"bea7eadc-ebf2-c34b-ac35-e55f03f637ac"}]}
1578035232162	webdriver::server	DEBUG	-> GET /session/e50a6184-35ce-274c-8072-9c014624ec96/element/bea7eadc-ebf2-c34b-ac35-e55f03f637ac/displayed 
1578035232166	Marionette	DEBUG	0 -> [0,11,"WebDriver:IsElementDisplayed",{"id":"bea7eadc-ebf2-c34b-ac35-e55f03f637ac"}]
1578035232180	Marionette	DEBUG	0 <- [1,11,null,{"value":true}]
1578035232181	webdriver::server	DEBUG	<- 200 OK {"value":true}
1578035232183	webdriver::server	DEBUG	-> POST /session/e50a6184-35ce-274c-8072-9c014624ec96/elements {"using":"css selector","value":"input[id=email]"}
1578035232185	Marionette	DEBUG	0 -> [0,12,"WebDriver:FindElements",{"using":"css selector","value":"input[id=email]"}]
1578035232196	Marionette	DEBUG	0 <- [1,12,null,[{"element-6066-11e4-a52e-4f735466cecf":"bea7eadc-ebf2-c34b-ac35-e55f03f637ac"}]]
1578035232197	webdriver::server	DEBUG	<- 200 OK {"value":[{"element-6066-11e4-a52e-4f735466cecf":"bea7eadc-ebf2-c34b-ac35-e55f03f637ac"}]}
1578035232199	webdriver::server	DEBUG	-> POST /session/e50a6184-35ce-274c-8072-9c014624ec96/element/bea7eadc-ebf2-c34b-ac35-e55f03f637ac/value {"text":"vuyani.shabangu@gmail.com"}
1578035232200	Marionette	DEBUG	0 -> [0,13,"WebDriver:ElementSendKeys",{"id":"bea7eadc-ebf2-c34b-ac35-e55f03f637ac","text":"vuyani.shabangu@gmail.com","value":["v","u","y","a","n","i",".","s","h","a","b","a","n","g","u","@","g","m","a","i","l",".","c","o","m"]}]
1578035232776	Marionette	DEBUG	0 <- [1,13,null,{"value":null}]
1578035232777	webdriver::server	DEBUG	<- 200 OK {"value":null}
1578035232781	webdriver::server	DEBUG	-> POST /session/e50a6184-35ce-274c-8072-9c014624ec96/elements {"using":"css selector","value":"input[id=cellNumber]"}
1578035232782	Marionette	DEBUG	0 -> [0,14,"WebDriver:FindElements",{"using":"css selector","value":"input[id=cellNumber]"}]
1578035232823	Marionette	DEBUG	0 <- [1,14,null,[{"element-6066-11e4-a52e-4f735466cecf":"956b16de-a966-e648-bb7d-c589520241e5"}]]
1578035232825	webdriver::server	DEBUG	<- 200 OK {"value":[{"element-6066-11e4-a52e-4f735466cecf":"956b16de-a966-e648-bb7d-c589520241e5"}]}
1578035232826	webdriver::server	DEBUG	-> GET /session/e50a6184-35ce-274c-8072-9c014624ec96/element/956b16de-a966-e648-bb7d-c589520241e5/displayed 
1578035232829	Marionette	DEBUG	0 -> [0,15,"WebDriver:IsElementDisplayed",{"id":"956b16de-a966-e648-bb7d-c589520241e5"}]
1578035232851	Marionette	DEBUG	0 <- [1,15,null,{"value":true}]
1578035232852	webdriver::server	DEBUG	<- 200 OK {"value":true}
1578035232855	webdriver::server	DEBUG	-> POST /session/e50a6184-35ce-274c-8072-9c014624ec96/elements {"using":"css selector","value":"input[id=cellNumber]"}
1578035232856	Marionette	DEBUG	0 -> [0,16,"WebDriver:FindElements",{"using":"css selector","value":"input[id=cellNumber]"}]
1578035232889	Marionette	DEBUG	0 <- [1,16,null,[{"element-6066-11e4-a52e-4f735466cecf":"956b16de-a966-e648-bb7d-c589520241e5"}]]
1578035232889	webdriver::server	DEBUG	<- 200 OK {"value":[{"element-6066-11e4-a52e-4f735466cecf":"956b16de-a966-e648-bb7d-c589520241e5"}]}
1578035232892	webdriver::server	DEBUG	-> POST /session/e50a6184-35ce-274c-8072-9c014624ec96/element/956b16de-a966-e648-bb7d-c589520241e5/value {"text":"071 654 8723"}
1578035232893	Marionette	DEBUG	0 -> [0,17,"WebDriver:ElementSendKeys",{"id":"956b16de-a966-e648-bb7d-c589520241e5","text":"071 654 8723","value":["0","7","1"," ","6","5","4"," ","8","7","2","3"]}]
1578035233216	Marionette	DEBUG	0 <- [1,17,null,{"value":null}]
1578035233217	webdriver::server	DEBUG	<- 200 OK {"value":null}
1578035233220	webdriver::server	DEBUG	-> POST /session/e50a6184-35ce-274c-8072-9c014624ec96/elements {"using":"css selector","value":"input[id=departureDate]"}
1578035233221	Marionette	DEBUG	0 -> [0,18,"WebDriver:FindElements",{"using":"css selector","value":"input[id=departureDate]"}]
1578035233245	Marionette	DEBUG	0 <- [1,18,null,[{"element-6066-11e4-a52e-4f735466cecf":"b32d7c11-870a-9041-b713-270d1b6905bc"}]]
1578035233246	webdriver::server	DEBUG	<- 200 OK {"value":[{"element-6066-11e4-a52e-4f735466cecf":"b32d7c11-870a-9041-b713-270d1b6905bc"}]}
1578035233248	webdriver::server	DEBUG	-> POST /session/e50a6184-35ce-274c-8072-9c014624ec96/element/b32d7c11-870a-9041-b713-270d1b6905bc/value {"text":"January 2nd"}
1578035233249	Marionette	DEBUG	0 -> [0,19,"WebDriver:ElementSendKeys",{"id":"b32d7c11-870a-9041-b713-270d1b6905bc","text":"January 2nd","value":["J","a","n","u","a","r","y"," ","2","n","d"]}]
1578035233558	Marionette	DEBUG	0 <- [1,19,null,{"value":null}]
1578035233559	webdriver::server	DEBUG	<- 200 OK {"value":null}
1578035233561	webdriver::server	DEBUG	-> POST /session/e50a6184-35ce-274c-8072-9c014624ec96/elements {"using":"css selector","value":"input=[id=departureTime]"}
1578035233562	Marionette	DEBUG	0 -> [0,20,"WebDriver:FindElements",{"using":"css selector","value":"input=[id=departureTime]"}]
1578035233591	Marionette	DEBUG	0 <- [1,20,{"error":"invalid selector","message":"Given css selector expression \"input=[id=departureTime]\" is invalid: SyntaxErr ... ch/</req<@chrome://marionette/content/listener.js:479:17\ndispatch/<@chrome://marionette/content/listener.js:474:15\n"},null]
1578035233593	webdriver::server	DEBUG	<- 400 Bad Request {"value":{"error":"invalid selector","message":"Given css selector expression \"input=[id=departureTime]\" is invalid: SyntaxError: 'input=[id=departureTime]' is not a valid selector","stacktrace":"WebDriverError@chrome://marionette/content/error.js:179:5\nInvalidSelectorError@chrome://marionette/content/error.js:337:5\nfind_@chrome://marionette/content/element.js:374:11\nelement.find/</findElements<@chrome://marionette/content/element.js:315:17\nevalFn@chrome://marionette/content/sync.js:144:7\nPollPromise/<@chrome://marionette/content/sync.js:160:5\nPollPromise@chrome://marionette/content/sync.js:135:10\nelement.find/<@chrome://marionette/content/element.js:314:24\nelement.find@chrome://marionette/content/element.js:313:10\nfindElementsContent@chrome://marionette/content/listener.js:1150:27\ndispatch/</req<@chrome://marionette/content/listener.js:479:17\ndispatch/<@chrome://marionette/content/listener.js:474:15\n"}}
1578035234100	webdriver::server	DEBUG	-> POST /session/e50a6184-35ce-274c-8072-9c014624ec96/elements {"using":"css selector","value":"input=[id=departureTime]"}
1578035234102	Marionette	DEBUG	0 -> [0,21,"WebDriver:FindElements",{"using":"css selector","value":"input=[id=departureTime]"}]
1578035234117	Marionette	DEBUG	0 <- [1,21,{"error":"invalid selector","message":"Given css selector expression \"input=[id=departureTime]\" is invalid: SyntaxErr ... ch/</req<@chrome://marionette/content/listener.js:479:17\ndispatch/<@chrome://marionette/content/listener.js:474:15\n"},null]
1578035234118	webdriver::server	DEBUG	<- 400 Bad Request {"value":{"error":"invalid selector","message":"Given css selector expression \"input=[id=departureTime]\" is invalid: SyntaxError: 'input=[id=departureTime]' is not a valid selector","stacktrace":"WebDriverError@chrome://marionette/content/error.js:179:5\nInvalidSelectorError@chrome://marionette/content/error.js:337:5\nfind_@chrome://marionette/content/element.js:374:11\nelement.find/</findElements<@chrome://marionette/content/element.js:315:17\nevalFn@chrome://marionette/content/sync.js:144:7\nPollPromise/<@chrome://marionette/content/sync.js:160:5\nPollPromise@chrome://marionette/content/sync.js:135:10\nelement.find/<@chrome://marionette/content/element.js:314:24\nelement.find@chrome://marionette/content/element.js:313:10\nfindElementsContent@chrome://marionette/content/listener.js:1150:27\ndispatch/</req<@chrome://marionette/content/listener.js:479:17\ndispatch/<@chrome://marionette/content/listener.js:474:15\n"}}
1578035234620	webdriver::server	DEBUG	-> POST /session/e50a6184-35ce-274c-8072-9c014624ec96/elements {"using":"css selector","value":"input=[id=departureTime]"}
1578035234621	Marionette	DEBUG	0 -> [0,22,"WebDriver:FindElements",{"using":"css selector","value":"input=[id=departureTime]"}]
1578035234627	Marionette	DEBUG	0 <- [1,22,{"error":"invalid selector","message":"Given css selector expression \"input=[id=departureTime]\" is invalid: SyntaxErr ... ch/</req<@chrome://marionette/content/listener.js:479:17\ndispatch/<@chrome://marionette/content/listener.js:474:15\n"},null]
1578035234628	webdriver::server	DEBUG	<- 400 Bad Request {"value":{"error":"invalid selector","message":"Given css selector expression \"input=[id=departureTime]\" is invalid: SyntaxError: 'input=[id=departureTime]' is not a valid selector","stacktrace":"WebDriverError@chrome://marionette/content/error.js:179:5\nInvalidSelectorError@chrome://marionette/content/error.js:337:5\nfind_@chrome://marionette/content/element.js:374:11\nelement.find/</findElements<@chrome://marionette/content/element.js:315:17\nevalFn@chrome://marionette/content/sync.js:144:7\nPollPromise/<@chrome://marionette/content/sync.js:160:5\nPollPromise@chrome://marionette/content/sync.js:135:10\nelement.find/<@chrome://marionette/content/element.js:314:24\nelement.find@chrome://marionette/content/element.js:313:10\nfindElementsContent@chrome://marionette/content/listener.js:1150:27\ndispatch/</req<@chrome://marionette/content/listener.js:479:17\ndispatch/<@chrome://marionette/content/listener.js:474:15\n"}}
1578035235135	webdriver::server	DEBUG	-> POST /session/e50a6184-35ce-274c-8072-9c014624ec96/elements {"using":"css selector","value":"input=[id=departureTime]"}
1578035235136	Marionette	DEBUG	0 -> [0,23,"WebDriver:FindElements",{"using":"css selector","value":"input=[id=departureTime]"}]
1578035235144	Marionette	DEBUG	0 <- [1,23,{"error":"invalid selector","message":"Given css selector expression \"input=[id=departureTime]\" is invalid: SyntaxErr ... ch/</req<@chrome://marionette/content/listener.js:479:17\ndispatch/<@chrome://marionette/content/listener.js:474:15\n"},null]
1578035235144	webdriver::server	DEBUG	<- 400 Bad Request {"value":{"error":"invalid selector","message":"Given css selector expression \"input=[id=departureTime]\" is invalid: SyntaxError: 'input=[id=departureTime]' is not a valid selector","stacktrace":"WebDriverError@chrome://marionette/content/error.js:179:5\nInvalidSelectorError@chrome://marionette/content/error.js:337:5\nfind_@chrome://marionette/content/element.js:374:11\nelement.find/</findElements<@chrome://marionette/content/element.js:315:17\nevalFn@chrome://marionette/content/sync.js:144:7\nPollPromise/<@chrome://marionette/content/sync.js:160:5\nPollPromise@chrome://marionette/content/sync.js:135:10\nelement.find/<@chrome://marionette/content/element.js:314:24\nelement.find@chrome://marionette/content/element.js:313:10\nfindElementsContent@chrome://marionette/content/listener.js:1150:27\ndispatch/</req<@chrome://marionette/content/listener.js:479:17\ndispatch/<@chrome://marionette/content/listener.js:474:15\n"}}
1578035235647	webdriver::server	DEBUG	-> POST /session/e50a6184-35ce-274c-8072-9c014624ec96/elements {"using":"css selector","value":"input=[id=departureTime]"}
1578035235648	Marionette	DEBUG	0 -> [0,24,"WebDriver:FindElements",{"using":"css selector","value":"input=[id=departureTime]"}]
1578035235650	Marionette	DEBUG	0 <- [1,24,{"error":"invalid selector","message":"Given css selector expression \"input=[id=departureTime]\" is invalid: SyntaxErr ... ch/</req<@chrome://marionette/content/listener.js:479:17\ndispatch/<@chrome://marionette/content/listener.js:474:15\n"},null]
1578035235651	webdriver::server	DEBUG	<- 400 Bad Request {"value":{"error":"invalid selector","message":"Given css selector expression \"input=[id=departureTime]\" is invalid: SyntaxError: 'input=[id=departureTime]' is not a valid selector","stacktrace":"WebDriverError@chrome://marionette/content/error.js:179:5\nInvalidSelectorError@chrome://marionette/content/error.js:337:5\nfind_@chrome://marionette/content/element.js:374:11\nelement.find/</findElements<@chrome://marionette/content/element.js:315:17\nevalFn@chrome://marionette/content/sync.js:144:7\nPollPromise/<@chrome://marionette/content/sync.js:160:5\nPollPromise@chrome://marionette/content/sync.js:135:10\nelement.find/<@chrome://marionette/content/element.js:314:24\nelement.find@chrome://marionette/content/element.js:313:10\nfindElementsContent@chrome://marionette/content/listener.js:1150:27\ndispatch/</req<@chrome://marionette/content/listener.js:479:17\ndispatch/<@chrome://marionette/content/listener.js:474:15\n"}}
1578035236155	webdriver::server	DEBUG	-> POST /session/e50a6184-35ce-274c-8072-9c014624ec96/elements {"using":"css selector","value":"input=[id=departureTime]"}
1578035236156	Marionette	DEBUG	0 -> [0,25,"WebDriver:FindElements",{"using":"css selector","value":"input=[id=departureTime]"}]
1578035236161	Marionette	DEBUG	0 <- [1,25,{"error":"invalid selector","message":"Given css selector expression \"input=[id=departureTime]\" is invalid: SyntaxErr ... ch/</req<@chrome://marionette/content/listener.js:479:17\ndispatch/<@chrome://marionette/content/listener.js:474:15\n"},null]
1578035236161	webdriver::server	DEBUG	<- 400 Bad Request {"value":{"error":"invalid selector","message":"Given css selector expression \"input=[id=departureTime]\" is invalid: SyntaxError: 'input=[id=departureTime]' is not a valid selector","stacktrace":"WebDriverError@chrome://marionette/content/error.js:179:5\nInvalidSelectorError@chrome://marionette/content/error.js:337:5\nfind_@chrome://marionette/content/element.js:374:11\nelement.find/</findElements<@chrome://marionette/content/element.js:315:17\nevalFn@chrome://marionette/content/sync.js:144:7\nPollPromise/<@chrome://marionette/content/sync.js:160:5\nPollPromise@chrome://marionette/content/sync.js:135:10\nelement.find/<@chrome://marionette/content/element.js:314:24\nelement.find@chrome://marionette/content/element.js:313:10\nfindElementsContent@chrome://marionette/content/listener.js:1150:27\ndispatch/</req<@chrome://marionette/content/listener.js:479:17\ndispatch/<@chrome://marionette/content/listener.js:474:15\n"}}
1578035236665	webdriver::server	DEBUG	-> POST /session/e50a6184-35ce-274c-8072-9c014624ec96/elements {"using":"css selector","value":"input=[id=departureTime]"}
1578035236667	Marionette	DEBUG	0 -> [0,26,"WebDriver:FindElements",{"using":"css selector","value":"input=[id=departureTime]"}]
1578035236681	Marionette	DEBUG	0 <- [1,26,{"error":"invalid selector","message":"Given css selector expression \"input=[id=departureTime]\" is invalid: SyntaxErr ... ch/</req<@chrome://marionette/content/listener.js:479:17\ndispatch/<@chrome://marionette/content/listener.js:474:15\n"},null]
1578035236682	webdriver::server	DEBUG	<- 400 Bad Request {"value":{"error":"invalid selector","message":"Given css selector expression \"input=[id=departureTime]\" is invalid: SyntaxError: 'input=[id=departureTime]' is not a valid selector","stacktrace":"WebDriverError@chrome://marionette/content/error.js:179:5\nInvalidSelectorError@chrome://marionette/content/error.js:337:5\nfind_@chrome://marionette/content/element.js:374:11\nelement.find/</findElements<@chrome://marionette/content/element.js:315:17\nevalFn@chrome://marionette/content/sync.js:144:7\nPollPromise/<@chrome://marionette/content/sync.js:160:5\nPollPromise@chrome://marionette/content/sync.js:135:10\nelement.find/<@chrome://marionette/content/element.js:314:24\nelement.find@chrome://marionette/content/element.js:313:10\nfindElementsContent@chrome://marionette/content/listener.js:1150:27\ndispatch/</req<@chrome://marionette/content/listener.js:479:17\ndispatch/<@chrome://marionette/content/listener.js:474:15\n"}}
1578035237183	webdriver::server	DEBUG	-> POST /session/e50a6184-35ce-274c-8072-9c014624ec96/elements {"using":"css selector","value":"input=[id=departureTime]"}
1578035237184	Marionette	DEBUG	0 -> [0,27,"WebDriver:FindElements",{"using":"css selector","value":"input=[id=departureTime]"}]
1578035237196	Marionette	DEBUG	0 <- [1,27,{"error":"invalid selector","message":"Given css selector expression \"input=[id=departureTime]\" is invalid: SyntaxErr ... ch/</req<@chrome://marionette/content/listener.js:479:17\ndispatch/<@chrome://marionette/content/listener.js:474:15\n"},null]
1578035237196	webdriver::server	DEBUG	<- 400 Bad Request {"value":{"error":"invalid selector","message":"Given css selector expression \"input=[id=departureTime]\" is invalid: SyntaxError: 'input=[id=departureTime]' is not a valid selector","stacktrace":"WebDriverError@chrome://marionette/content/error.js:179:5\nInvalidSelectorError@chrome://marionette/content/error.js:337:5\nfind_@chrome://marionette/content/element.js:374:11\nelement.find/</findElements<@chrome://marionette/content/element.js:315:17\nevalFn@chrome://marionette/content/sync.js:144:7\nPollPromise/<@chrome://marionette/content/sync.js:160:5\nPollPromise@chrome://marionette/content/sync.js:135:10\nelement.find/<@chrome://marionette/content/element.js:314:24\nelement.find@chrome://marionette/content/element.js:313:10\nfindElementsContent@chrome://marionette/content/listener.js:1150:27\ndispatch/</req<@chrome://marionette/content/listener.js:479:17\ndispatch/<@chrome://marionette/content/listener.js:474:15\n"}}
1578035237703	webdriver::server	DEBUG	-> POST /session/e50a6184-35ce-274c-8072-9c014624ec96/elements {"using":"css selector","value":"input=[id=departureTime]"}
1578035237704	Marionette	DEBUG	0 -> [0,28,"WebDriver:FindElements",{"using":"css selector","value":"input=[id=departureTime]"}]
1578035237714	Marionette	DEBUG	0 <- [1,28,{"error":"invalid selector","message":"Given css selector expression \"input=[id=departureTime]\" is invalid: SyntaxErr ... ch/</req<@chrome://marionette/content/listener.js:479:17\ndispatch/<@chrome://marionette/content/listener.js:474:15\n"},null]
1578035237715	webdriver::server	DEBUG	<- 400 Bad Request {"value":{"error":"invalid selector","message":"Given css selector expression \"input=[id=departureTime]\" is invalid: SyntaxError: 'input=[id=departureTime]' is not a valid selector","stacktrace":"WebDriverError@chrome://marionette/content/error.js:179:5\nInvalidSelectorError@chrome://marionette/content/error.js:337:5\nfind_@chrome://marionette/content/element.js:374:11\nelement.find/</findElements<@chrome://marionette/content/element.js:315:17\nevalFn@chrome://marionette/content/sync.js:144:7\nPollPromise/<@chrome://marionette/content/sync.js:160:5\nPollPromise@chrome://marionette/content/sync.js:135:10\nelement.find/<@chrome://marionette/content/element.js:314:24\nelement.find@chrome://marionette/content/element.js:313:10\nfindElementsContent@chrome://marionette/content/listener.js:1150:27\ndispatch/</req<@chrome://marionette/content/listener.js:479:17\ndispatch/<@chrome://marionette/content/listener.js:474:15\n"}}
1578035238220	webdriver::server	DEBUG	-> POST /session/e50a6184-35ce-274c-8072-9c014624ec96/elements {"using":"css selector","value":"input=[id=departureTime]"}
1578035238221	Marionette	DEBUG	0 -> [0,29,"WebDriver:FindElements",{"using":"css selector","value":"input=[id=departureTime]"}]
1578035238245	Marionette	DEBUG	0 <- [1,29,{"error":"invalid selector","message":"Given css selector expression \"input=[id=departureTime]\" is invalid: SyntaxErr ... ch/</req<@chrome://marionette/content/listener.js:479:17\ndispatch/<@chrome://marionette/content/listener.js:474:15\n"},null]
1578035238246	webdriver::server	DEBUG	<- 400 Bad Request {"value":{"error":"invalid selector","message":"Given css selector expression \"input=[id=departureTime]\" is invalid: SyntaxError: 'input=[id=departureTime]' is not a valid selector","stacktrace":"WebDriverError@chrome://marionette/content/error.js:179:5\nInvalidSelectorError@chrome://marionette/content/error.js:337:5\nfind_@chrome://marionette/content/element.js:374:11\nelement.find/</findElements<@chrome://marionette/content/element.js:315:17\nevalFn@chrome://marionette/content/sync.js:144:7\nPollPromise/<@chrome://marionette/content/sync.js:160:5\nPollPromise@chrome://marionette/content/sync.js:135:10\nelement.find/<@chrome://marionette/content/element.js:314:24\nelement.find@chrome://marionette/content/element.js:313:10\nfindElementsContent@chrome://marionette/content/listener.js:1150:27\ndispatch/</req<@chrome://marionette/content/listener.js:479:17\ndispatch/<@chrome://marionette/content/listener.js:474:15\n"}}
1578035238751	webdriver::server	DEBUG	-> POST /session/e50a6184-35ce-274c-8072-9c014624ec96/elements {"using":"css selector","value":"input=[id=departureTime]"}
1578035238752	Marionette	DEBUG	0 -> [0,30,"WebDriver:FindElements",{"using":"css selector","value":"input=[id=departureTime]"}]
1578035238774	Marionette	DEBUG	0 <- [1,30,{"error":"invalid selector","message":"Given css selector expression \"input=[id=departureTime]\" is invalid: SyntaxErr ... ch/</req<@chrome://marionette/content/listener.js:479:17\ndispatch/<@chrome://marionette/content/listener.js:474:15\n"},null]
1578035238775	webdriver::server	DEBUG	<- 400 Bad Request {"value":{"error":"invalid selector","message":"Given css selector expression \"input=[id=departureTime]\" is invalid: SyntaxError: 'input=[id=departureTime]' is not a valid selector","stacktrace":"WebDriverError@chrome://marionette/content/error.js:179:5\nInvalidSelectorError@chrome://marionette/content/error.js:337:5\nfind_@chrome://marionette/content/element.js:374:11\nelement.find/</findElements<@chrome://marionette/content/element.js:315:17\nevalFn@chrome://marionette/content/sync.js:144:7\nPollPromise/<@chrome://marionette/content/sync.js:160:5\nPollPromise@chrome://marionette/content/sync.js:135:10\nelement.find/<@chrome://marionette/content/element.js:314:24\nelement.find@chrome://marionette/content/element.js:313:10\nfindElementsContent@chrome://marionette/content/listener.js:1150:27\ndispatch/</req<@chrome://marionette/content/listener.js:479:17\ndispatch/<@chrome://marionette/content/listener.js:474:15\n"}}
1578035238779	webdriver::server	DEBUG	-> POST /session/e50a6184-35ce-274c-8072-9c014624ec96/elements {"using":"css selector","value":"input[id=returnDate]"}
1578035238781	Marionette	DEBUG	0 -> [0,31,"WebDriver:FindElements",{"using":"css selector","value":"input[id=returnDate]"}]
1578035238800	Marionette	DEBUG	0 <- [1,31,null,[{"element-6066-11e4-a52e-4f735466cecf":"4d5d6e89-b0fb-ce44-826b-64c891099b89"}]]
1578035238800	webdriver::server	DEBUG	<- 200 OK {"value":[{"element-6066-11e4-a52e-4f735466cecf":"4d5d6e89-b0fb-ce44-826b-64c891099b89"}]}
1578035238802	webdriver::server	DEBUG	-> POST /session/e50a6184-35ce-274c-8072-9c014624ec96/element/4d5d6e89-b0fb-ce44-826b-64c891099b89/value {"text":"January 2nd"}
1578035238803	Marionette	DEBUG	0 -> [0,32,"WebDriver:ElementSendKeys",{"id":"4d5d6e89-b0fb-ce44-826b-64c891099b89","text":"January 2nd","value":["J","a","n","u","a","r","y"," ","2","n","d"]}]
1578035239050	Marionette	DEBUG	0 <- [1,32,null,{"value":null}]
1578035239051	webdriver::server	DEBUG	<- 200 OK {"value":null}
1578035239053	webdriver::server	DEBUG	-> POST /session/e50a6184-35ce-274c-8072-9c014624ec96/elements {"using":"css selector","value":"input=[id=returnTime]"}
1578035239054	Marionette	DEBUG	0 -> [0,33,"WebDriver:FindElements",{"using":"css selector","value":"input=[id=returnTime]"}]
1578035239081	Marionette	DEBUG	0 <- [1,33,{"error":"invalid selector","message":"Given css selector expression \"input=[id=returnTime]\" is invalid: SyntaxError: ... ch/</req<@chrome://marionette/content/listener.js:479:17\ndispatch/<@chrome://marionette/content/listener.js:474:15\n"},null]
1578035239082	webdriver::server	DEBUG	<- 400 Bad Request {"value":{"error":"invalid selector","message":"Given css selector expression \"input=[id=returnTime]\" is invalid: SyntaxError: 'input=[id=returnTime]' is not a valid selector","stacktrace":"WebDriverError@chrome://marionette/content/error.js:179:5\nInvalidSelectorError@chrome://marionette/content/error.js:337:5\nfind_@chrome://marionette/content/element.js:374:11\nelement.find/</findElements<@chrome://marionette/content/element.js:315:17\nevalFn@chrome://marionette/content/sync.js:144:7\nPollPromise/<@chrome://marionette/content/sync.js:160:5\nPollPromise@chrome://marionette/content/sync.js:135:10\nelement.find/<@chrome://marionette/content/element.js:314:24\nelement.find@chrome://marionette/content/element.js:313:10\nfindElementsContent@chrome://marionette/content/listener.js:1150:27\ndispatch/</req<@chrome://marionette/content/listener.js:479:17\ndispatch/<@chrome://marionette/content/listener.js:474:15\n"}}
1578035239589	webdriver::server	DEBUG	-> POST /session/e50a6184-35ce-274c-8072-9c014624ec96/elements {"using":"css selector","value":"input=[id=returnTime]"}
1578035239590	Marionette	DEBUG	0 -> [0,34,"WebDriver:FindElements",{"using":"css selector","value":"input=[id=returnTime]"}]
1578035239605	Marionette	DEBUG	0 <- [1,34,{"error":"invalid selector","message":"Given css selector expression \"input=[id=returnTime]\" is invalid: SyntaxError: ... ch/</req<@chrome://marionette/content/listener.js:479:17\ndispatch/<@chrome://marionette/content/listener.js:474:15\n"},null]
1578035239606	webdriver::server	DEBUG	<- 400 Bad Request {"value":{"error":"invalid selector","message":"Given css selector expression \"input=[id=returnTime]\" is invalid: SyntaxError: 'input=[id=returnTime]' is not a valid selector","stacktrace":"WebDriverError@chrome://marionette/content/error.js:179:5\nInvalidSelectorError@chrome://marionette/content/error.js:337:5\nfind_@chrome://marionette/content/element.js:374:11\nelement.find/</findElements<@chrome://marionette/content/element.js:315:17\nevalFn@chrome://marionette/content/sync.js:144:7\nPollPromise/<@chrome://marionette/content/sync.js:160:5\nPollPromise@chrome://marionette/content/sync.js:135:10\nelement.find/<@chrome://marionette/content/element.js:314:24\nelement.find@chrome://marionette/content/element.js:313:10\nfindElementsContent@chrome://marionette/content/listener.js:1150:27\ndispatch/</req<@chrome://marionette/content/listener.js:479:17\ndispatch/<@chrome://marionette/content/listener.js:474:15\n"}}
1578035240110	webdriver::server	DEBUG	-> POST /session/e50a6184-35ce-274c-8072-9c014624ec96/elements {"using":"css selector","value":"input=[id=returnTime]"}
1578035240111	Marionette	DEBUG	0 -> [0,35,"WebDriver:FindElements",{"using":"css selector","value":"input=[id=returnTime]"}]
1578035240113	Marionette	DEBUG	0 <- [1,35,{"error":"invalid selector","message":"Given css selector expression \"input=[id=returnTime]\" is invalid: SyntaxError: ... ch/</req<@chrome://marionette/content/listener.js:479:17\ndispatch/<@chrome://marionette/content/listener.js:474:15\n"},null]
1578035240114	webdriver::server	DEBUG	<- 400 Bad Request {"value":{"error":"invalid selector","message":"Given css selector expression \"input=[id=returnTime]\" is invalid: SyntaxError: 'input=[id=returnTime]' is not a valid selector","stacktrace":"WebDriverError@chrome://marionette/content/error.js:179:5\nInvalidSelectorError@chrome://marionette/content/error.js:337:5\nfind_@chrome://marionette/content/element.js:374:11\nelement.find/</findElements<@chrome://marionette/content/element.js:315:17\nevalFn@chrome://marionette/content/sync.js:144:7\nPollPromise/<@chrome://marionette/content/sync.js:160:5\nPollPromise@chrome://marionette/content/sync.js:135:10\nelement.find/<@chrome://marionette/content/element.js:314:24\nelement.find@chrome://marionette/content/element.js:313:10\nfindElementsContent@chrome://marionette/content/listener.js:1150:27\ndispatch/</req<@chrome://marionette/content/listener.js:479:17\ndispatch/<@chrome://marionette/content/listener.js:474:15\n"}}
1578035240617	webdriver::server	DEBUG	-> POST /session/e50a6184-35ce-274c-8072-9c014624ec96/elements {"using":"css selector","value":"input=[id=returnTime]"}
1578035240621	Marionette	DEBUG	0 -> [0,36,"WebDriver:FindElements",{"using":"css selector","value":"input=[id=returnTime]"}]
1578035240634	Marionette	DEBUG	0 <- [1,36,{"error":"invalid selector","message":"Given css selector expression \"input=[id=returnTime]\" is invalid: SyntaxError: ... ch/</req<@chrome://marionette/content/listener.js:479:17\ndispatch/<@chrome://marionette/content/listener.js:474:15\n"},null]
1578035240635	webdriver::server	DEBUG	<- 400 Bad Request {"value":{"error":"invalid selector","message":"Given css selector expression \"input=[id=returnTime]\" is invalid: SyntaxError: 'input=[id=returnTime]' is not a valid selector","stacktrace":"WebDriverError@chrome://marionette/content/error.js:179:5\nInvalidSelectorError@chrome://marionette/content/error.js:337:5\nfind_@chrome://marionette/content/element.js:374:11\nelement.find/</findElements<@chrome://marionette/content/element.js:315:17\nevalFn@chrome://marionette/content/sync.js:144:7\nPollPromise/<@chrome://marionette/content/sync.js:160:5\nPollPromise@chrome://marionette/content/sync.js:135:10\nelement.find/<@chrome://marionette/content/element.js:314:24\nelement.find@chrome://marionette/content/element.js:313:10\nfindElementsContent@chrome://marionette/content/listener.js:1150:27\ndispatch/</req<@chrome://marionette/content/listener.js:479:17\ndispatch/<@chrome://marionette/content/listener.js:474:15\n"}}
1578035241139	webdriver::server	DEBUG	-> POST /session/e50a6184-35ce-274c-8072-9c014624ec96/elements {"using":"css selector","value":"input=[id=returnTime]"}
1578035241140	Marionette	DEBUG	0 -> [0,37,"WebDriver:FindElements",{"using":"css selector","value":"input=[id=returnTime]"}]
1578035241149	Marionette	DEBUG	0 <- [1,37,{"error":"invalid selector","message":"Given css selector expression \"input=[id=returnTime]\" is invalid: SyntaxError: ... ch/</req<@chrome://marionette/content/listener.js:479:17\ndispatch/<@chrome://marionette/content/listener.js:474:15\n"},null]
1578035241149	webdriver::server	DEBUG	<- 400 Bad Request {"value":{"error":"invalid selector","message":"Given css selector expression \"input=[id=returnTime]\" is invalid: SyntaxError: 'input=[id=returnTime]' is not a valid selector","stacktrace":"WebDriverError@chrome://marionette/content/error.js:179:5\nInvalidSelectorError@chrome://marionette/content/error.js:337:5\nfind_@chrome://marionette/content/element.js:374:11\nelement.find/</findElements<@chrome://marionette/content/element.js:315:17\nevalFn@chrome://marionette/content/sync.js:144:7\nPollPromise/<@chrome://marionette/content/sync.js:160:5\nPollPromise@chrome://marionette/content/sync.js:135:10\nelement.find/<@chrome://marionette/content/element.js:314:24\nelement.find@chrome://marionette/content/element.js:313:10\nfindElementsContent@chrome://marionette/content/listener.js:1150:27\ndispatch/</req<@chrome://marionette/content/listener.js:479:17\ndispatch/<@chrome://marionette/content/listener.js:474:15\n"}}
1578035241656	webdriver::server	DEBUG	-> POST /session/e50a6184-35ce-274c-8072-9c014624ec96/elements {"using":"css selector","value":"input=[id=returnTime]"}
1578035241657	Marionette	DEBUG	0 -> [0,38,"WebDriver:FindElements",{"using":"css selector","value":"input=[id=returnTime]"}]
1578035241667	Marionette	DEBUG	0 <- [1,38,{"error":"invalid selector","message":"Given css selector expression \"input=[id=returnTime]\" is invalid: SyntaxError: ... ch/</req<@chrome://marionette/content/listener.js:479:17\ndispatch/<@chrome://marionette/content/listener.js:474:15\n"},null]
1578035241668	webdriver::server	DEBUG	<- 400 Bad Request {"value":{"error":"invalid selector","message":"Given css selector expression \"input=[id=returnTime]\" is invalid: SyntaxError: 'input=[id=returnTime]' is not a valid selector","stacktrace":"WebDriverError@chrome://marionette/content/error.js:179:5\nInvalidSelectorError@chrome://marionette/content/error.js:337:5\nfind_@chrome://marionette/content/element.js:374:11\nelement.find/</findElements<@chrome://marionette/content/element.js:315:17\nevalFn@chrome://marionette/content/sync.js:144:7\nPollPromise/<@chrome://marionette/content/sync.js:160:5\nPollPromise@chrome://marionette/content/sync.js:135:10\nelement.find/<@chrome://marionette/content/element.js:314:24\nelement.find@chrome://marionette/content/element.js:313:10\nfindElementsContent@chrome://marionette/content/listener.js:1150:27\ndispatch/</req<@chrome://marionette/content/listener.js:479:17\ndispatch/<@chrome://marionette/content/listener.js:474:15\n"}}
1578035242173	webdriver::server	DEBUG	-> POST /session/e50a6184-35ce-274c-8072-9c014624ec96/elements {"using":"css selector","value":"input=[id=returnTime]"}
1578035242173	Marionette	DEBUG	0 -> [0,39,"WebDriver:FindElements",{"using":"css selector","value":"input=[id=returnTime]"}]
1578035242182	Marionette	DEBUG	0 <- [1,39,{"error":"invalid selector","message":"Given css selector expression \"input=[id=returnTime]\" is invalid: SyntaxError: ... ch/</req<@chrome://marionette/content/listener.js:479:17\ndispatch/<@chrome://marionette/content/listener.js:474:15\n"},null]
1578035242183	webdriver::server	DEBUG	<- 400 Bad Request {"value":{"error":"invalid selector","message":"Given css selector expression \"input=[id=returnTime]\" is invalid: SyntaxError: 'input=[id=returnTime]' is not a valid selector","stacktrace":"WebDriverError@chrome://marionette/content/error.js:179:5\nInvalidSelectorError@chrome://marionette/content/error.js:337:5\nfind_@chrome://marionette/content/element.js:374:11\nelement.find/</findElements<@chrome://marionette/content/element.js:315:17\nevalFn@chrome://marionette/content/sync.js:144:7\nPollPromise/<@chrome://marionette/content/sync.js:160:5\nPollPromise@chrome://marionette/content/sync.js:135:10\nelement.find/<@chrome://marionette/content/element.js:314:24\nelement.find@chrome://marionette/content/element.js:313:10\nfindElementsContent@chrome://marionette/content/listener.js:1150:27\ndispatch/</req<@chrome://marionette/content/listener.js:479:17\ndispatch/<@chrome://marionette/content/listener.js:474:15\n"}}
1578035242687	webdriver::server	DEBUG	-> POST /session/e50a6184-35ce-274c-8072-9c014624ec96/elements {"using":"css selector","value":"input=[id=returnTime]"}
1578035242688	Marionette	DEBUG	0 -> [0,40,"WebDriver:FindElements",{"using":"css selector","value":"input=[id=returnTime]"}]
1578035242704	Marionette	DEBUG	0 <- [1,40,{"error":"invalid selector","message":"Given css selector expression \"input=[id=returnTime]\" is invalid: SyntaxError: ... ch/</req<@chrome://marionette/content/listener.js:479:17\ndispatch/<@chrome://marionette/content/listener.js:474:15\n"},null]
1578035242704	webdriver::server	DEBUG	<- 400 Bad Request {"value":{"error":"invalid selector","message":"Given css selector expression \"input=[id=returnTime]\" is invalid: SyntaxError: 'input=[id=returnTime]' is not a valid selector","stacktrace":"WebDriverError@chrome://marionette/content/error.js:179:5\nInvalidSelectorError@chrome://marionette/content/error.js:337:5\nfind_@chrome://marionette/content/element.js:374:11\nelement.find/</findElements<@chrome://marionette/content/element.js:315:17\nevalFn@chrome://marionette/content/sync.js:144:7\nPollPromise/<@chrome://marionette/content/sync.js:160:5\nPollPromise@chrome://marionette/content/sync.js:135:10\nelement.find/<@chrome://marionette/content/element.js:314:24\nelement.find@chrome://marionette/content/element.js:313:10\nfindElementsContent@chrome://marionette/content/listener.js:1150:27\ndispatch/</req<@chrome://marionette/content/listener.js:479:17\ndispatch/<@chrome://marionette/content/listener.js:474:15\n"}}
1578035243209	webdriver::server	DEBUG	-> POST /session/e50a6184-35ce-274c-8072-9c014624ec96/elements {"using":"css selector","value":"input=[id=returnTime]"}
1578035243209	Marionette	DEBUG	0 -> [0,41,"WebDriver:FindElements",{"using":"css selector","value":"input=[id=returnTime]"}]
1578035243220	Marionette	DEBUG	0 <- [1,41,{"error":"invalid selector","message":"Given css selector expression \"input=[id=returnTime]\" is invalid: SyntaxError: ... ch/</req<@chrome://marionette/content/listener.js:479:17\ndispatch/<@chrome://marionette/content/listener.js:474:15\n"},null]
1578035243220	webdriver::server	DEBUG	<- 400 Bad Request {"value":{"error":"invalid selector","message":"Given css selector expression \"input=[id=returnTime]\" is invalid: SyntaxError: 'input=[id=returnTime]' is not a valid selector","stacktrace":"WebDriverError@chrome://marionette/content/error.js:179:5\nInvalidSelectorError@chrome://marionette/content/error.js:337:5\nfind_@chrome://marionette/content/element.js:374:11\nelement.find/</findElements<@chrome://marionette/content/element.js:315:17\nevalFn@chrome://marionette/content/sync.js:144:7\nPollPromise/<@chrome://marionette/content/sync.js:160:5\nPollPromise@chrome://marionette/content/sync.js:135:10\nelement.find/<@chrome://marionette/content/element.js:314:24\nelement.find@chrome://marionette/content/element.js:313:10\nfindElementsContent@chrome://marionette/content/listener.js:1150:27\ndispatch/</req<@chrome://marionette/content/listener.js:479:17\ndispatch/<@chrome://marionette/content/listener.js:474:15\n"}}
1578035243726	webdriver::server	DEBUG	-> POST /session/e50a6184-35ce-274c-8072-9c014624ec96/elements {"using":"css selector","value":"input=[id=returnTime]"}
1578035243726	Marionette	DEBUG	0 -> [0,42,"WebDriver:FindElements",{"using":"css selector","value":"input=[id=returnTime]"}]
1578035243739	Marionette	DEBUG	0 <- [1,42,{"error":"invalid selector","message":"Given css selector expression \"input=[id=returnTime]\" is invalid: SyntaxError: ... ch/</req<@chrome://marionette/content/listener.js:479:17\ndispatch/<@chrome://marionette/content/listener.js:474:15\n"},null]
1578035243740	webdriver::server	DEBUG	<- 400 Bad Request {"value":{"error":"invalid selector","message":"Given css selector expression \"input=[id=returnTime]\" is invalid: SyntaxError: 'input=[id=returnTime]' is not a valid selector","stacktrace":"WebDriverError@chrome://marionette/content/error.js:179:5\nInvalidSelectorError@chrome://marionette/content/error.js:337:5\nfind_@chrome://marionette/content/element.js:374:11\nelement.find/</findElements<@chrome://marionette/content/element.js:315:17\nevalFn@chrome://marionette/content/sync.js:144:7\nPollPromise/<@chrome://marionette/content/sync.js:160:5\nPollPromise@chrome://marionette/content/sync.js:135:10\nelement.find/<@chrome://marionette/content/element.js:314:24\nelement.find@chrome://marionette/content/element.js:313:10\nfindElementsContent@chrome://marionette/content/listener.js:1150:27\ndispatch/</req<@chrome://marionette/content/listener.js:479:17\ndispatch/<@chrome://marionette/content/listener.js:474:15\n"}}
1578035244245	webdriver::server	DEBUG	-> POST /session/e50a6184-35ce-274c-8072-9c014624ec96/elements {"using":"css selector","value":"input=[id=returnTime]"}
1578035244245	Marionette	DEBUG	0 -> [0,43,"WebDriver:FindElements",{"using":"css selector","value":"input=[id=returnTime]"}]
1578035244255	Marionette	DEBUG	0 <- [1,43,{"error":"invalid selector","message":"Given css selector expression \"input=[id=returnTime]\" is invalid: SyntaxError: ... ch/</req<@chrome://marionette/content/listener.js:479:17\ndispatch/<@chrome://marionette/content/listener.js:474:15\n"},null]
1578035244255	webdriver::server	DEBUG	<- 400 Bad Request {"value":{"error":"invalid selector","message":"Given css selector expression \"input=[id=returnTime]\" is invalid: SyntaxError: 'input=[id=returnTime]' is not a valid selector","stacktrace":"WebDriverError@chrome://marionette/content/error.js:179:5\nInvalidSelectorError@chrome://marionette/content/error.js:337:5\nfind_@chrome://marionette/content/element.js:374:11\nelement.find/</findElements<@chrome://marionette/content/element.js:315:17\nevalFn@chrome://marionette/content/sync.js:144:7\nPollPromise/<@chrome://marionette/content/sync.js:160:5\nPollPromise@chrome://marionette/content/sync.js:135:10\nelement.find/<@chrome://marionette/content/element.js:314:24\nelement.find@chrome://marionette/content/element.js:313:10\nfindElementsContent@chrome://marionette/content/listener.js:1150:27\ndispatch/</req<@chrome://marionette/content/listener.js:479:17\ndispatch/<@chrome://marionette/content/listener.js:474:15\n"}}
1578035244258	webdriver::server	DEBUG	-> POST /session/e50a6184-35ce-274c-8072-9c014624ec96/elements {"using":"css selector","value":"input=[id=vehicleType]"}
1578035244258	Marionette	DEBUG	0 -> [0,44,"WebDriver:FindElements",{"using":"css selector","value":"input=[id=vehicleType]"}]
1578035244270	Marionette	DEBUG	0 <- [1,44,{"error":"invalid selector","message":"Given css selector expression \"input=[id=vehicleType]\" is invalid: SyntaxError ... ch/</req<@chrome://marionette/content/listener.js:479:17\ndispatch/<@chrome://marionette/content/listener.js:474:15\n"},null]
1578035244271	webdriver::server	DEBUG	<- 400 Bad Request {"value":{"error":"invalid selector","message":"Given css selector expression \"input=[id=vehicleType]\" is invalid: SyntaxError: 'input=[id=vehicleType]' is not a valid selector","stacktrace":"WebDriverError@chrome://marionette/content/error.js:179:5\nInvalidSelectorError@chrome://marionette/content/error.js:337:5\nfind_@chrome://marionette/content/element.js:374:11\nelement.find/</findElements<@chrome://marionette/content/element.js:315:17\nevalFn@chrome://marionette/content/sync.js:144:7\nPollPromise/<@chrome://marionette/content/sync.js:160:5\nPollPromise@chrome://marionette/content/sync.js:135:10\nelement.find/<@chrome://marionette/content/element.js:314:24\nelement.find@chrome://marionette/content/element.js:313:10\nfindElementsContent@chrome://marionette/content/listener.js:1150:27\ndispatch/</req<@chrome://marionette/content/listener.js:479:17\ndispatch/<@chrome://marionette/content/listener.js:474:15\n"}}
1578035244775	webdriver::server	DEBUG	-> POST /session/e50a6184-35ce-274c-8072-9c014624ec96/elements {"using":"css selector","value":"input=[id=vehicleType]"}
1578035244776	Marionette	DEBUG	0 -> [0,45,"WebDriver:FindElements",{"using":"css selector","value":"input=[id=vehicleType]"}]
1578035244786	Marionette	DEBUG	0 <- [1,45,{"error":"invalid selector","message":"Given css selector expression \"input=[id=vehicleType]\" is invalid: SyntaxError ... ch/</req<@chrome://marionette/content/listener.js:479:17\ndispatch/<@chrome://marionette/content/listener.js:474:15\n"},null]
1578035244786	webdriver::server	DEBUG	<- 400 Bad Request {"value":{"error":"invalid selector","message":"Given css selector expression \"input=[id=vehicleType]\" is invalid: SyntaxError: 'input=[id=vehicleType]' is not a valid selector","stacktrace":"WebDriverError@chrome://marionette/content/error.js:179:5\nInvalidSelectorError@chrome://marionette/content/error.js:337:5\nfind_@chrome://marionette/content/element.js:374:11\nelement.find/</findElements<@chrome://marionette/content/element.js:315:17\nevalFn@chrome://marionette/content/sync.js:144:7\nPollPromise/<@chrome://marionette/content/sync.js:160:5\nPollPromise@chrome://marionette/content/sync.js:135:10\nelement.find/<@chrome://marionette/content/element.js:314:24\nelement.find@chrome://marionette/content/element.js:313:10\nfindElementsContent@chrome://marionette/content/listener.js:1150:27\ndispatch/</req<@chrome://marionette/content/listener.js:479:17\ndispatch/<@chrome://marionette/content/listener.js:474:15\n"}}
1578035245293	webdriver::server	DEBUG	-> POST /session/e50a6184-35ce-274c-8072-9c014624ec96/elements {"using":"css selector","value":"input=[id=vehicleType]"}
1578035245294	Marionette	DEBUG	0 -> [0,46,"WebDriver:FindElements",{"using":"css selector","value":"input=[id=vehicleType]"}]
1578035245306	Marionette	DEBUG	0 <- [1,46,{"error":"invalid selector","message":"Given css selector expression \"input=[id=vehicleType]\" is invalid: SyntaxError ... ch/</req<@chrome://marionette/content/listener.js:479:17\ndispatch/<@chrome://marionette/content/listener.js:474:15\n"},null]
1578035245306	webdriver::server	DEBUG	<- 400 Bad Request {"value":{"error":"invalid selector","message":"Given css selector expression \"input=[id=vehicleType]\" is invalid: SyntaxError: 'input=[id=vehicleType]' is not a valid selector","stacktrace":"WebDriverError@chrome://marionette/content/error.js:179:5\nInvalidSelectorError@chrome://marionette/content/error.js:337:5\nfind_@chrome://marionette/content/element.js:374:11\nelement.find/</findElements<@chrome://marionette/content/element.js:315:17\nevalFn@chrome://marionette/content/sync.js:144:7\nPollPromise/<@chrome://marionette/content/sync.js:160:5\nPollPromise@chrome://marionette/content/sync.js:135:10\nelement.find/<@chrome://marionette/content/element.js:314:24\nelement.find@chrome://marionette/content/element.js:313:10\nfindElementsContent@chrome://marionette/content/listener.js:1150:27\ndispatch/</req<@chrome://marionette/content/listener.js:479:17\ndispatch/<@chrome://marionette/content/listener.js:474:15\n"}}
console.error: BroadcastService: 
  receivedBroadcastMessage: handler for
  remote-settings/monitor_changes
  threw error:
  Message: Error: Polling for changes failed: http://%(server)s/dummy/blocklist//buckets/monitor/collections/changes/records?_expected=%221578009617189%22 is not a valid URL..
  Stack:
    remoteSettingsFunction/remoteSettings.pollChanges@resource://services-settings/remote-settings.js:203:13

1578035245811	webdriver::server	DEBUG	-> POST /session/e50a6184-35ce-274c-8072-9c014624ec96/elements {"using":"css selector","value":"input=[id=vehicleType]"}
1578035245812	Marionette	DEBUG	0 -> [0,47,"WebDriver:FindElements",{"using":"css selector","value":"input=[id=vehicleType]"}]
1578035245818	Marionette	DEBUG	0 <- [1,47,{"error":"invalid selector","message":"Given css selector expression \"input=[id=vehicleType]\" is invalid: SyntaxError ... ch/</req<@chrome://marionette/content/listener.js:479:17\ndispatch/<@chrome://marionette/content/listener.js:474:15\n"},null]
1578035245818	webdriver::server	DEBUG	<- 400 Bad Request {"value":{"error":"invalid selector","message":"Given css selector expression \"input=[id=vehicleType]\" is invalid: SyntaxError: 'input=[id=vehicleType]' is not a valid selector","stacktrace":"WebDriverError@chrome://marionette/content/error.js:179:5\nInvalidSelectorError@chrome://marionette/content/error.js:337:5\nfind_@chrome://marionette/content/element.js:374:11\nelement.find/</findElements<@chrome://marionette/content/element.js:315:17\nevalFn@chrome://marionette/content/sync.js:144:7\nPollPromise/<@chrome://marionette/content/sync.js:160:5\nPollPromise@chrome://marionette/content/sync.js:135:10\nelement.find/<@chrome://marionette/content/element.js:314:24\nelement.find@chrome://marionette/content/element.js:313:10\nfindElementsContent@chrome://marionette/content/listener.js:1150:27\ndispatch/</req<@chrome://marionette/content/listener.js:479:17\ndispatch/<@chrome://marionette/content/listener.js:474:15\n"}}
1578035246325	webdriver::server	DEBUG	-> POST /session/e50a6184-35ce-274c-8072-9c014624ec96/elements {"using":"css selector","value":"input=[id=vehicleType]"}
1578035246326	Marionette	DEBUG	0 -> [0,48,"WebDriver:FindElements",{"using":"css selector","value":"input=[id=vehicleType]"}]
1578035246337	Marionette	DEBUG	0 <- [1,48,{"error":"invalid selector","message":"Given css selector expression \"input=[id=vehicleType]\" is invalid: SyntaxError ... ch/</req<@chrome://marionette/content/listener.js:479:17\ndispatch/<@chrome://marionette/content/listener.js:474:15\n"},null]
1578035246338	webdriver::server	DEBUG	<- 400 Bad Request {"value":{"error":"invalid selector","message":"Given css selector expression \"input=[id=vehicleType]\" is invalid: SyntaxError: 'input=[id=vehicleType]' is not a valid selector","stacktrace":"WebDriverError@chrome://marionette/content/error.js:179:5\nInvalidSelectorError@chrome://marionette/content/error.js:337:5\nfind_@chrome://marionette/content/element.js:374:11\nelement.find/</findElements<@chrome://marionette/content/element.js:315:17\nevalFn@chrome://marionette/content/sync.js:144:7\nPollPromise/<@chrome://marionette/content/sync.js:160:5\nPollPromise@chrome://marionette/content/sync.js:135:10\nelement.find/<@chrome://marionette/content/element.js:314:24\nelement.find@chrome://marionette/content/element.js:313:10\nfindElementsContent@chrome://marionette/content/listener.js:1150:27\ndispatch/</req<@chrome://marionette/content/listener.js:479:17\ndispatch/<@chrome://marionette/content/listener.js:474:15\n"}}
1578035246841	webdriver::server	DEBUG	-> POST /session/e50a6184-35ce-274c-8072-9c014624ec96/elements {"using":"css selector","value":"input=[id=vehicleType]"}
1578035246842	Marionette	DEBUG	0 -> [0,49,"WebDriver:FindElements",{"using":"css selector","value":"input=[id=vehicleType]"}]
1578035246853	Marionette	DEBUG	0 <- [1,49,{"error":"invalid selector","message":"Given css selector expression \"input=[id=vehicleType]\" is invalid: SyntaxError ... ch/</req<@chrome://marionette/content/listener.js:479:17\ndispatch/<@chrome://marionette/content/listener.js:474:15\n"},null]
1578035246853	webdriver::server	DEBUG	<- 400 Bad Request {"value":{"error":"invalid selector","message":"Given css selector expression \"input=[id=vehicleType]\" is invalid: SyntaxError: 'input=[id=vehicleType]' is not a valid selector","stacktrace":"WebDriverError@chrome://marionette/content/error.js:179:5\nInvalidSelectorError@chrome://marionette/content/error.js:337:5\nfind_@chrome://marionette/content/element.js:374:11\nelement.find/</findElements<@chrome://marionette/content/element.js:315:17\nevalFn@chrome://marionette/content/sync.js:144:7\nPollPromise/<@chrome://marionette/content/sync.js:160:5\nPollPromise@chrome://marionette/content/sync.js:135:10\nelement.find/<@chrome://marionette/content/element.js:314:24\nelement.find@chrome://marionette/content/element.js:313:10\nfindElementsContent@chrome://marionette/content/listener.js:1150:27\ndispatch/</req<@chrome://marionette/content/listener.js:479:17\ndispatch/<@chrome://marionette/content/listener.js:474:15\n"}}
1578035247356	webdriver::server	DEBUG	-> POST /session/e50a6184-35ce-274c-8072-9c014624ec96/elements {"using":"css selector","value":"input=[id=vehicleType]"}
1578035247356	Marionette	DEBUG	0 -> [0,50,"WebDriver:FindElements",{"using":"css selector","value":"input=[id=vehicleType]"}]
1578035247359	Marionette	DEBUG	0 <- [1,50,{"error":"invalid selector","message":"Given css selector expression \"input=[id=vehicleType]\" is invalid: SyntaxError ... ch/</req<@chrome://marionette/content/listener.js:479:17\ndispatch/<@chrome://marionette/content/listener.js:474:15\n"},null]
1578035247359	webdriver::server	DEBUG	<- 400 Bad Request {"value":{"error":"invalid selector","message":"Given css selector expression \"input=[id=vehicleType]\" is invalid: SyntaxError: 'input=[id=vehicleType]' is not a valid selector","stacktrace":"WebDriverError@chrome://marionette/content/error.js:179:5\nInvalidSelectorError@chrome://marionette/content/error.js:337:5\nfind_@chrome://marionette/content/element.js:374:11\nelement.find/</findElements<@chrome://marionette/content/element.js:315:17\nevalFn@chrome://marionette/content/sync.js:144:7\nPollPromise/<@chrome://marionette/content/sync.js:160:5\nPollPromise@chrome://marionette/content/sync.js:135:10\nelement.find/<@chrome://marionette/content/element.js:314:24\nelement.find@chrome://marionette/content/element.js:313:10\nfindElementsContent@chrome://marionette/content/listener.js:1150:27\ndispatch/</req<@chrome://marionette/content/listener.js:479:17\ndispatch/<@chrome://marionette/content/listener.js:474:15\n"}}
1578035247867	webdriver::server	DEBUG	-> POST /session/e50a6184-35ce-274c-8072-9c014624ec96/elements {"using":"css selector","value":"input=[id=vehicleType]"}
1578035247868	Marionette	DEBUG	0 -> [0,51,"WebDriver:FindElements",{"using":"css selector","value":"input=[id=vehicleType]"}]
1578035247883	Marionette	DEBUG	0 <- [1,51,{"error":"invalid selector","message":"Given css selector expression \"input=[id=vehicleType]\" is invalid: SyntaxError ... ch/</req<@chrome://marionette/content/listener.js:479:17\ndispatch/<@chrome://marionette/content/listener.js:474:15\n"},null]
1578035247884	webdriver::server	DEBUG	<- 400 Bad Request {"value":{"error":"invalid selector","message":"Given css selector expression \"input=[id=vehicleType]\" is invalid: SyntaxError: 'input=[id=vehicleType]' is not a valid selector","stacktrace":"WebDriverError@chrome://marionette/content/error.js:179:5\nInvalidSelectorError@chrome://marionette/content/error.js:337:5\nfind_@chrome://marionette/content/element.js:374:11\nelement.find/</findElements<@chrome://marionette/content/element.js:315:17\nevalFn@chrome://marionette/content/sync.js:144:7\nPollPromise/<@chrome://marionette/content/sync.js:160:5\nPollPromise@chrome://marionette/content/sync.js:135:10\nelement.find/<@chrome://marionette/content/element.js:314:24\nelement.find@chrome://marionette/content/element.js:313:10\nfindElementsContent@chrome://marionette/content/listener.js:1150:27\ndispatch/</req<@chrome://marionette/content/listener.js:479:17\ndispatch/<@chrome://marionette/content/listener.js:474:15\n"}}
1578035248388	webdriver::server	DEBUG	-> POST /session/e50a6184-35ce-274c-8072-9c014624ec96/elements {"using":"css selector","value":"input=[id=vehicleType]"}
1578035248388	Marionette	DEBUG	0 -> [0,52,"WebDriver:FindElements",{"using":"css selector","value":"input=[id=vehicleType]"}]
1578035248403	Marionette	DEBUG	0 <- [1,52,{"error":"invalid selector","message":"Given css selector expression \"input=[id=vehicleType]\" is invalid: SyntaxError ... ch/</req<@chrome://marionette/content/listener.js:479:17\ndispatch/<@chrome://marionette/content/listener.js:474:15\n"},null]
1578035248404	webdriver::server	DEBUG	<- 400 Bad Request {"value":{"error":"invalid selector","message":"Given css selector expression \"input=[id=vehicleType]\" is invalid: SyntaxError: 'input=[id=vehicleType]' is not a valid selector","stacktrace":"WebDriverError@chrome://marionette/content/error.js:179:5\nInvalidSelectorError@chrome://marionette/content/error.js:337:5\nfind_@chrome://marionette/content/element.js:374:11\nelement.find/</findElements<@chrome://marionette/content/element.js:315:17\nevalFn@chrome://marionette/content/sync.js:144:7\nPollPromise/<@chrome://marionette/content/sync.js:160:5\nPollPromise@chrome://marionette/content/sync.js:135:10\nelement.find/<@chrome://marionette/content/element.js:314:24\nelement.find@chrome://marionette/content/element.js:313:10\nfindElementsContent@chrome://marionette/content/listener.js:1150:27\ndispatch/</req<@chrome://marionette/content/listener.js:479:17\ndispatch/<@chrome://marionette/content/listener.js:474:15\n"}}
1578035248909	webdriver::server	DEBUG	-> POST /session/e50a6184-35ce-274c-8072-9c014624ec96/elements {"using":"css selector","value":"input=[id=vehicleType]"}
1578035248910	Marionette	DEBUG	0 -> [0,53,"WebDriver:FindElements",{"using":"css selector","value":"input=[id=vehicleType]"}]
1578035248920	Marionette	DEBUG	0 <- [1,53,{"error":"invalid selector","message":"Given css selector expression \"input=[id=vehicleType]\" is invalid: SyntaxError ... ch/</req<@chrome://marionette/content/listener.js:479:17\ndispatch/<@chrome://marionette/content/listener.js:474:15\n"},null]
1578035248921	webdriver::server	DEBUG	<- 400 Bad Request {"value":{"error":"invalid selector","message":"Given css selector expression \"input=[id=vehicleType]\" is invalid: SyntaxError: 'input=[id=vehicleType]' is not a valid selector","stacktrace":"WebDriverError@chrome://marionette/content/error.js:179:5\nInvalidSelectorError@chrome://marionette/content/error.js:337:5\nfind_@chrome://marionette/content/element.js:374:11\nelement.find/</findElements<@chrome://marionette/content/element.js:315:17\nevalFn@chrome://marionette/content/sync.js:144:7\nPollPromise/<@chrome://marionette/content/sync.js:160:5\nPollPromise@chrome://marionette/content/sync.js:135:10\nelement.find/<@chrome://marionette/content/element.js:314:24\nelement.find@chrome://marionette/content/element.js:313:10\nfindElementsContent@chrome://marionette/content/listener.js:1150:27\ndispatch/</req<@chrome://marionette/content/listener.js:479:17\ndispatch/<@chrome://marionette/content/listener.js:474:15\n"}}
1578035249424	webdriver::server	DEBUG	-> POST /session/e50a6184-35ce-274c-8072-9c014624ec96/elements {"using":"css selector","value":"input=[id=vehicleType]"}
1578035249425	Marionette	DEBUG	0 -> [0,54,"WebDriver:FindElements",{"using":"css selector","value":"input=[id=vehicleType]"}]
1578035249432	Marionette	DEBUG	0 <- [1,54,{"error":"invalid selector","message":"Given css selector expression \"input=[id=vehicleType]\" is invalid: SyntaxError ... ch/</req<@chrome://marionette/content/listener.js:479:17\ndispatch/<@chrome://marionette/content/listener.js:474:15\n"},null]
1578035249433	webdriver::server	DEBUG	<- 400 Bad Request {"value":{"error":"invalid selector","message":"Given css selector expression \"input=[id=vehicleType]\" is invalid: SyntaxError: 'input=[id=vehicleType]' is not a valid selector","stacktrace":"WebDriverError@chrome://marionette/content/error.js:179:5\nInvalidSelectorError@chrome://marionette/content/error.js:337:5\nfind_@chrome://marionette/content/element.js:374:11\nelement.find/</findElements<@chrome://marionette/content/element.js:315:17\nevalFn@chrome://marionette/content/sync.js:144:7\nPollPromise/<@chrome://marionette/content/sync.js:160:5\nPollPromise@chrome://marionette/content/sync.js:135:10\nelement.find/<@chrome://marionette/content/element.js:314:24\nelement.find@chrome://marionette/content/element.js:313:10\nfindElementsContent@chrome://marionette/content/listener.js:1150:27\ndispatch/</req<@chrome://marionette/content/listener.js:479:17\ndispatch/<@chrome://marionette/content/listener.js:474:15\n"}}
1578035249439	webdriver::server	DEBUG	-> DELETE /session/e50a6184-35ce-274c-8072-9c014624ec96 
1578035249440	Marionette	DEBUG	0 -> [0,55,"Marionette:Quit",{"flags":["eForceQuit"]}]
1578035249440	Marionette	INFO	Stopped listening on port 52189
1578035249470	Marionette	DEBUG	0 <- [1,55,null,{"cause":"shutdown"}]
1578035249528	webdriver::server	DEBUG	Deleting session
1578035249536	Marionette	DEBUG	0 -> [0,56,"Marionette:Quit",{"flags":["eForceQuit"]}]
1578035249537	Marionette	DEBUG	0 <- [1,56,{"error":"invalid session id","message":"Tried to run command without establishing a connection","stacktrace":"WebDrive ... t@chrome://marionette/content/server.js:236:9\n_onJSONObjectReady/<@chrome://marionette/content/transport.js:492:20\n"},null]
1578035249541	Marionette	DEBUG	Closed connection 0

###!!! [Child][RunMessage] Error: Channel closing: too late to send/recv, messages will be lost

1578035249620	Marionette	DEBUG	Resetting recommended pref apz.content_response_timeout
1578035249620	Marionette	DEBUG	Resetting recommended pref browser.contentblocking.introCount
1578035249621	Marionette	DEBUG	Resetting recommended pref browser.download.panel.shown
1578035249621	Marionette	DEBUG	Resetting recommended pref browser.newtabpage.enabled
1578035249621	Marionette	DEBUG	Resetting recommended pref browser.pagethumbnails.capturing_disabled
1578035249621	Marionette	DEBUG	Resetting recommended pref browser.search.update
1578035249621	Marionette	DEBUG	Resetting recommended pref browser.tabs.disableBackgroundZombification
1578035249621	Marionette	DEBUG	Resetting recommended pref browser.tabs.warnOnCloseOtherTabs
1578035249621	Marionette	DEBUG	Resetting recommended pref browser.tabs.warnOnOpen
1578035249621	Marionette	DEBUG	Resetting recommended pref browser.usedOnWindows10.introURL
1578035249621	Marionette	DEBUG	Resetting recommended pref browser.urlbar.suggest.searches
1578035249622	Marionette	DEBUG	Resetting recommended pref datareporting.policy.dataSubmissionPolicyAccepted
1578035249622	Marionette	DEBUG	Resetting recommended pref dom.disable_beforeunload
1578035249622	Marionette	DEBUG	Resetting recommended pref dom.disable_open_during_load
1578035249622	Marionette	DEBUG	Resetting recommended pref dom.file.createInChild
1578035249622	Marionette	DEBUG	Resetting recommended pref dom.max_chrome_script_run_time
1578035249622	Marionette	DEBUG	Resetting recommended pref dom.max_script_run_time
1578035249622	Marionette	DEBUG	Resetting recommended pref extensions.getAddons.cache.enabled
1578035249622	Marionette	DEBUG	Resetting recommended pref extensions.webservice.discoverURL
1578035249622	Marionette	DEBUG	Resetting recommended pref network.http.prompt-temp-redirect
1578035249622	Marionette	DEBUG	Resetting recommended pref network.http.speculative-parallel-limit
1578035249622	Marionette	DEBUG	Resetting recommended pref security.fileuri.strict_origin_policy
1578035249622	Marionette	DEBUG	Resetting recommended pref security.notification_enable_delay
1578035249622	Marionette	DEBUG	Resetting recommended pref signon.autofillForms
1578035249622	Marionette	DEBUG	Resetting recommended pref signon.rememberSignons
1578035249622	Marionette	DEBUG	Resetting recommended pref toolkit.cosmeticAnimations.enabled
1578035249623	Marionette	DEBUG	Remote service is inactive
1578035249840	geckodriver::marionette	DEBUG	Browser process stopped: exit code: 0
1578035249857	webdriver::server	DEBUG	<- 200 OK {"value":null}
